{"C:\\Users\\ADMIN.US\\Documents\\GitHub\\the-erp-system\\server\\Controllers\\SalesRepController.js": {"path":"C:\\Users\\ADMIN.US\\Documents\\GitHub\\the-erp-system\\server\\Controllers\\SalesRepController.js","statementMap":{"0":{"start":{"line":2,"column":24},"end":{"line":2,"column":62}},"1":{"start":{"line":6,"column":4},"end":{"line":11,"column":5}},"2":{"start":{"line":7,"column":24},"end":{"line":7,"column":63}},"3":{"start":{"line":8,"column":6},"end":{"line":8,"column":26}},"4":{"start":{"line":10,"column":6},"end":{"line":10,"column":18}},"5":{"start":{"line":15,"column":4},"end":{"line":20,"column":5}},"6":{"start":{"line":16,"column":24},"end":{"line":16,"column":74}},"7":{"start":{"line":17,"column":6},"end":{"line":17,"column":26}},"8":{"start":{"line":19,"column":6},"end":{"line":19,"column":18}},"9":{"start":{"line":24,"column":4},"end":{"line":30,"column":5}},"10":{"start":{"line":25,"column":21},"end":{"line":25,"column":31}},"11":{"start":{"line":26,"column":23},"end":{"line":26,"column":64}},"12":{"start":{"line":27,"column":6},"end":{"line":27,"column":25}},"13":{"start":{"line":29,"column":6},"end":{"line":29,"column":90}},"14":{"start":{"line":34,"column":4},"end":{"line":39,"column":5}},"15":{"start":{"line":35,"column":26},"end":{"line":35,"column":72}},"16":{"start":{"line":36,"column":6},"end":{"line":36,"column":28}},"17":{"start":{"line":38,"column":6},"end":{"line":38,"column":87}},"18":{"start":{"line":43,"column":4},"end":{"line":49,"column":5}},"19":{"start":{"line":44,"column":21},"end":{"line":44,"column":31}},"20":{"start":{"line":45,"column":30},"end":{"line":45,"column":80}},"21":{"start":{"line":46,"column":6},"end":{"line":46,"column":32}},"22":{"start":{"line":48,"column":6},"end":{"line":48,"column":85}},"23":{"start":{"line":53,"column":4},"end":{"line":59,"column":5}},"24":{"start":{"line":54,"column":21},"end":{"line":54,"column":31}},"25":{"start":{"line":55,"column":30},"end":{"line":55,"column":70}},"26":{"start":{"line":56,"column":6},"end":{"line":56,"column":32}},"27":{"start":{"line":58,"column":6},"end":{"line":58,"column":53}},"28":{"start":{"line":63,"column":0},"end":{"line":63,"column":42}}},"fnMap":{"0":{"name":"(anonymous_0)","decl":{"start":{"line":5,"column":2},"end":{"line":5,"column":3}},"loc":{"start":{"line":5,"column":40},"end":{"line":12,"column":3}},"line":5},"1":{"name":"(anonymous_1)","decl":{"start":{"line":14,"column":2},"end":{"line":14,"column":3}},"loc":{"start":{"line":14,"column":51},"end":{"line":21,"column":3}},"line":14},"2":{"name":"(anonymous_2)","decl":{"start":{"line":23,"column":2},"end":{"line":23,"column":3}},"loc":{"start":{"line":23,"column":40},"end":{"line":31,"column":3}},"line":23},"3":{"name":"(anonymous_3)","decl":{"start":{"line":33,"column":2},"end":{"line":33,"column":3}},"loc":{"start":{"line":33,"column":39},"end":{"line":40,"column":3}},"line":33},"4":{"name":"(anonymous_4)","decl":{"start":{"line":42,"column":2},"end":{"line":42,"column":3}},"loc":{"start":{"line":42,"column":39},"end":{"line":50,"column":3}},"line":42},"5":{"name":"(anonymous_5)","decl":{"start":{"line":52,"column":2},"end":{"line":52,"column":3}},"loc":{"start":{"line":52,"column":39},"end":{"line":60,"column":3}},"line":52}},"branchMap":{},"s":{"0":1,"1":1,"2":1,"3":1,"4":0,"5":0,"6":0,"7":0,"8":0,"9":2,"10":2,"11":2,"12":2,"13":0,"14":1,"15":1,"16":1,"17":0,"18":1,"19":1,"20":1,"21":1,"22":0,"23":1,"24":1,"25":1,"26":1,"27":0,"28":1},"f":{"0":1,"1":0,"2":2,"3":1,"4":1,"5":1},"b":{},"_coverageSchema":"1a1c01bbd47fc00a2c39e90264f33305004495a9","hash":"1f52287159a4a5fba597548c9feb2047ae3a012d"}
,"C:\\Users\\ADMIN.US\\Documents\\GitHub\\the-erp-system\\server\\Services\\SalesRepService.js": {"path":"C:\\Users\\ADMIN.US\\Documents\\GitHub\\the-erp-system\\server\\Services\\SalesRepService.js","statementMap":{"0":{"start":{"line":2,"column":25},"end":{"line":2,"column":50}},"1":{"start":{"line":3,"column":15},"end":{"line":3,"column":33}},"2":{"start":{"line":7,"column":4},"end":{"line":9,"column":7}},"3":{"start":{"line":13,"column":4},"end":{"line":19,"column":7}},"4":{"start":{"line":23,"column":21},"end":{"line":23,"column":71}},"5":{"start":{"line":25,"column":4},"end":{"line":27,"column":5}},"6":{"start":{"line":26,"column":6},"end":{"line":26,"column":46}},"7":{"start":{"line":29,"column":4},"end":{"line":29,"column":20}},"8":{"start":{"line":33,"column":4},"end":{"line":33,"column":50}},"9":{"start":{"line":37,"column":28},"end":{"line":40,"column":6}},"10":{"start":{"line":42,"column":4},"end":{"line":44,"column":5}},"11":{"start":{"line":43,"column":6},"end":{"line":43,"column":70}},"12":{"start":{"line":46,"column":4},"end":{"line":46,"column":27}},"13":{"start":{"line":50,"column":23},"end":{"line":52,"column":6}},"14":{"start":{"line":54,"column":4},"end":{"line":58,"column":5}},"15":{"start":{"line":55,"column":6},"end":{"line":57,"column":8}},"16":{"start":{"line":60,"column":4},"end":{"line":60,"column":59}},"17":{"start":{"line":64,"column":0},"end":{"line":64,"column":39}}},"fnMap":{"0":{"name":"(anonymous_0)","decl":{"start":{"line":6,"column":2},"end":{"line":6,"column":3}},"loc":{"start":{"line":6,"column":26},"end":{"line":10,"column":3}},"line":6},"1":{"name":"(anonymous_1)","decl":{"start":{"line":12,"column":2},"end":{"line":12,"column":3}},"loc":{"start":{"line":12,"column":37},"end":{"line":20,"column":3}},"line":12},"2":{"name":"(anonymous_2)","decl":{"start":{"line":22,"column":2},"end":{"line":22,"column":3}},"loc":{"start":{"line":22,"column":28},"end":{"line":30,"column":3}},"line":22},"3":{"name":"(anonymous_3)","decl":{"start":{"line":32,"column":2},"end":{"line":32,"column":3}},"loc":{"start":{"line":32,"column":29},"end":{"line":34,"column":3}},"line":32},"4":{"name":"(anonymous_4)","decl":{"start":{"line":36,"column":2},"end":{"line":36,"column":3}},"loc":{"start":{"line":36,"column":33},"end":{"line":47,"column":3}},"line":36},"5":{"name":"(anonymous_5)","decl":{"start":{"line":49,"column":2},"end":{"line":49,"column":3}},"loc":{"start":{"line":49,"column":27},"end":{"line":61,"column":3}},"line":49}},"branchMap":{"0":{"loc":{"start":{"line":25,"column":4},"end":{"line":27,"column":5}},"type":"if","locations":[{"start":{"line":25,"column":4},"end":{"line":27,"column":5}},{"start":{},"end":{}}],"line":25},"1":{"loc":{"start":{"line":42,"column":4},"end":{"line":44,"column":5}},"type":"if","locations":[{"start":{"line":42,"column":4},"end":{"line":44,"column":5}},{"start":{},"end":{}}],"line":42},"2":{"loc":{"start":{"line":54,"column":4},"end":{"line":58,"column":5}},"type":"if","locations":[{"start":{"line":54,"column":4},"end":{"line":58,"column":5}},{"start":{},"end":{}}],"line":54}},"s":{"0":1,"1":1,"2":0,"3":0,"4":0,"5":0,"6":0,"7":0,"8":0,"9":0,"10":0,"11":0,"12":0,"13":0,"14":0,"15":0,"16":0,"17":1},"f":{"0":0,"1":0,"2":0,"3":0,"4":0,"5":0},"b":{"0":[0,0],"1":[0,0],"2":[0,0]},"_coverageSchema":"1a1c01bbd47fc00a2c39e90264f33305004495a9","hash":"14dfbe78092e43da2530fbd99a4b1b2bbfee6e33"}
}
