TN:
SF:Controllers\SalesRepController.js
FN:5,(anonymous_0)
FN:14,(anonymous_1)
FN:23,(anonymous_2)
FN:33,(anonymous_3)
FN:42,(anonymous_4)
FN:52,(anonymous_5)
FNF:6
FNH:5
FNDA:1,(anonymous_0)
FNDA:0,(anonymous_1)
FNDA:2,(anonymous_2)
FNDA:1,(anonymous_3)
FNDA:1,(anonymous_4)
FNDA:1,(anonymous_5)
DA:2,1
DA:6,1
DA:7,1
DA:8,1
DA:10,0
DA:15,0
DA:16,0
DA:17,0
DA:19,0
DA:24,2
DA:25,2
DA:26,2
DA:27,2
DA:29,0
DA:34,1
DA:35,1
DA:36,1
DA:38,0
DA:43,1
DA:44,1
DA:45,1
DA:46,1
DA:48,0
DA:53,1
DA:54,1
DA:55,1
DA:56,1
DA:58,0
DA:63,1
LF:29
LH:20
BRF:0
BRH:0
end_of_record
TN:
SF:Services\SalesRepService.js
FN:6,(anonymous_0)
FN:12,(anonymous_1)
FN:22,(anonymous_2)
FN:32,(anonymous_3)
FN:36,(anonymous_4)
FN:49,(anonymous_5)
FNF:6
FNH:0
FNDA:0,(anonymous_0)
FNDA:0,(anonymous_1)
FNDA:0,(anonymous_2)
FNDA:0,(anonymous_3)
FNDA:0,(anonymous_4)
FNDA:0,(anonymous_5)
DA:2,1
DA:3,1
DA:7,0
DA:13,0
DA:23,0
DA:25,0
DA:26,0
DA:29,0
DA:33,0
DA:37,0
DA:42,0
DA:43,0
DA:46,0
DA:50,0
DA:54,0
DA:55,0
DA:60,0
DA:64,1
LF:18
LH:3
BRDA:25,0,0,0
BRDA:25,0,1,0
BRDA:42,1,0,0
BRDA:42,1,1,0
BRDA:54,2,0,0
BRDA:54,2,1,0
BRF:6
BRH:0
end_of_record
